<?xml version="1.0" encoding="UTF-8"?>
<!-- Generated by org.testng.reporters.JUnitXMLReporter -->
<testsuite ignored="0" hostname="Mapletech" failures="0" tests="4" name="Test" time="47.672" errors="0" timestamp="2023-03-09T10:18:11 IST">
  <testcase classname="edu.sms.guardian.AddAndVerifyAssignedSubject" name="addAndVerifyAssignedSubject" time="11.23"/>
  <testcase classname="edu.sms.guardian.AddandVerifyExamMarks" name="addandVerifyExamMarks" time="7.444"/>
  <testcase classname="edu.sms.guardian.AddAndVerifyMySonsTeacher" name="addAndVerifyMySonsTeacher" time="6.655"/>
  <testcase classname="edu.sms.guardian.AddAndVerifyMySonsTimetable" name="addAndVerifyMySonsTimetable" time="11.94"/>
</testsuite> <!-- Test -->
